Library/Bee/Android/Prj/Mono2x/Gradle/launcher/build/intermediates/manifest_merge_blame_file/release/manifest-merger-blame-release-report.txt
1<?xml version="1.0" encoding="utf-8"?>
2<manifest xmlns:android="http://schemas.android.com/apk/res/android"
3    package="com.DefaultCompany.CandylAnd"
4    android:installLocation="preferExternal"
5    android:versionCode="1"
6    android:versionName="1.0" >
7
8    <uses-sdk
9        android:minSdkVersion="22"
9-->src\main\AndroidManifest.xml
10        android:targetSdkVersion="30" />
10-->src\main\AndroidManifest.xml
11
12    <supports-screens
12-->src\main\AndroidManifest.xml:3:3-163
13        android:anyDensity="true"
13-->src\main\AndroidManifest.xml:3:135-160
14        android:largeScreens="true"
14-->src\main\AndroidManifest.xml:3:78-105
15        android:normalScreens="true"
15-->src\main\AndroidManifest.xml:3:49-77
16        android:smallScreens="true"
16-->src\main\AndroidManifest.xml:3:21-48
17        android:xlargeScreens="true" />
17-->src\main\AndroidManifest.xml:3:106-134
18
19    <uses-feature android:glEsVersion="0x00020000" />
19-->[:unityLibrary] AndroidManifest.xml:12:5-54
19-->[:unityLibrary] AndroidManifest.xml:12:19-51
20
21    <uses-permission android:name="android.permission.INTERNET" />
21-->[:unityLibrary] AndroidManifest.xml:14:5-67
21-->[:unityLibrary] AndroidManifest.xml:14:22-64
22    <uses-permission android:name="android.permission.ACCESS_NETWORK_STATE" />
22-->[:unityLibrary] AndroidManifest.xml:15:5-79
22-->[:unityLibrary] AndroidManifest.xml:15:22-76
23
24    <uses-feature
24-->[:unityLibrary] AndroidManifest.xml:17:5-19:36
25        android:name="android.hardware.touchscreen"
25-->[:unityLibrary] AndroidManifest.xml:18:9-52
26        android:required="false" />
26-->[:unityLibrary] AndroidManifest.xml:19:9-33
27    <uses-feature
27-->[:unityLibrary] AndroidManifest.xml:20:5-22:36
28        android:name="android.hardware.touchscreen.multitouch"
28-->[:unityLibrary] AndroidManifest.xml:21:9-63
29        android:required="false" />
29-->[:unityLibrary] AndroidManifest.xml:22:9-33
30    <uses-feature
30-->[:unityLibrary] AndroidManifest.xml:23:5-25:36
31        android:name="android.hardware.touchscreen.multitouch.distinct"
31-->[:unityLibrary] AndroidManifest.xml:24:9-72
32        android:required="false" />
32-->[:unityLibrary] AndroidManifest.xml:25:9-33
33
34    <uses-permission android:name="com.android.vending.BILLING" />
34-->[:billing-4.0.0:] AndroidManifest.xml:10:5-67
34-->[:billing-4.0.0:] AndroidManifest.xml:10:22-64
35
36    <application
36-->src\main\AndroidManifest.xml:4:3-83
37        android:extractNativeLibs="true"
37-->[:unityLibrary] AndroidManifest.xml:27:18-50
38        android:icon="@mipmap/app_icon"
38-->src\main\AndroidManifest.xml:4:49-80
39        android:label="@string/app_name" >
39-->src\main\AndroidManifest.xml:4:16-48
40        <activity
40-->[:unityLibrary] AndroidManifest.xml:28:9-61:20
41            android:name="com.unity3d.player.UnityPlayerActivity"
41-->[:unityLibrary] AndroidManifest.xml:29:13-66
42            android:configChanges="mcc|mnc|locale|touchscreen|keyboard|keyboardHidden|navigation|orientation|screenLayout|uiMode|screenSize|smallestScreenSize|fontScale|layoutDirection|density"
42-->[:unityLibrary] AndroidManifest.xml:30:13-194
43            android:hardwareAccelerated="false"
43-->[:unityLibrary] AndroidManifest.xml:31:13-48
44            android:launchMode="singleTask"
44-->[:unityLibrary] AndroidManifest.xml:32:13-44
45            android:resizeableActivity="true"
45-->[:unityLibrary] AndroidManifest.xml:33:13-46
46            android:screenOrientation="fullUser"
46-->[:unityLibrary] AndroidManifest.xml:34:13-49
47            android:theme="@style/UnityThemeSelector" >
47-->[:unityLibrary] AndroidManifest.xml:35:13-54
48            <intent-filter>
48-->[:unityLibrary] AndroidManifest.xml:36:13-40:29
49                <action android:name="android.intent.action.MAIN" />
49-->[:unityLibrary] AndroidManifest.xml:37:17-69
49-->[:unityLibrary] AndroidManifest.xml:37:25-66
50
51                <category android:name="android.intent.category.LAUNCHER" />
51-->[:unityLibrary] AndroidManifest.xml:39:17-77
51-->[:unityLibrary] AndroidManifest.xml:39:27-74
52            </intent-filter>
53
54            <meta-data
54-->[:unityLibrary] AndroidManifest.xml:42:13-44:40
55                android:name="unityplayer.UnityActivity"
55-->[:unityLibrary] AndroidManifest.xml:43:17-57
56                android:value="true" />
56-->[:unityLibrary] AndroidManifest.xml:44:17-37
57            <meta-data
57-->[:unityLibrary] AndroidManifest.xml:45:13-47:69
58                android:name="WindowManagerPreference:FreeformWindowSize"
58-->[:unityLibrary] AndroidManifest.xml:46:17-74
59                android:value="@string/FreeformWindowSize_tablet" />
59-->[:unityLibrary] AndroidManifest.xml:47:17-66
60            <meta-data
60-->[:unityLibrary] AndroidManifest.xml:48:13-50:79
61                android:name="WindowManagerPreference:FreeformWindowOrientation"
61-->[:unityLibrary] AndroidManifest.xml:49:17-81
62                android:value="@string/FreeformWindowOrientation_landscape" />
62-->[:unityLibrary] AndroidManifest.xml:50:17-76
63
64            <layout
64-->[:unityLibrary] AndroidManifest.xml:52:13-56:44
65                android:defaultHeight="1080px"
65-->[:unityLibrary] AndroidManifest.xml:53:17-47
66                android:defaultWidth="1920px"
66-->[:unityLibrary] AndroidManifest.xml:54:17-46
67                android:minHeight="300px"
67-->[:unityLibrary] AndroidManifest.xml:55:17-42
68                android:minWidth="400px" />
68-->[:unityLibrary] AndroidManifest.xml:56:17-41
69
70            <meta-data
70-->[:unityLibrary] AndroidManifest.xml:58:13-60:40
71                android:name="android.notch_support"
71-->[:unityLibrary] AndroidManifest.xml:59:17-53
72                android:value="true" />
72-->[:unityLibrary] AndroidManifest.xml:60:17-37
73        </activity>
74
75        <meta-data
75-->[:unityLibrary] AndroidManifest.xml:63:9-65:33
76            android:name="unity.splash-mode"
76-->[:unityLibrary] AndroidManifest.xml:64:13-45
77            android:value="0" />
77-->[:unityLibrary] AndroidManifest.xml:65:13-30
78        <meta-data
78-->[:unityLibrary] AndroidManifest.xml:66:9-68:36
79            android:name="unity.splash-enable"
79-->[:unityLibrary] AndroidManifest.xml:67:13-47
80            android:value="True" />
80-->[:unityLibrary] AndroidManifest.xml:68:13-33
81        <meta-data
81-->[:unityLibrary] AndroidManifest.xml:69:9-71:36
82            android:name="unity.launch-fullscreen"
82-->[:unityLibrary] AndroidManifest.xml:70:13-51
83            android:value="True" />
83-->[:unityLibrary] AndroidManifest.xml:71:13-33
84        <meta-data
84-->[:unityLibrary] AndroidManifest.xml:72:9-74:36
85            android:name="unity.allow-resizable-window"
85-->[:unityLibrary] AndroidManifest.xml:73:13-56
86            android:value="True" />
86-->[:unityLibrary] AndroidManifest.xml:74:13-33
87        <meta-data
87-->[:unityLibrary] AndroidManifest.xml:75:9-77:50
88            android:name="notch.config"
88-->[:unityLibrary] AndroidManifest.xml:76:13-40
89            android:value="portrait|landscape" />
89-->[:unityLibrary] AndroidManifest.xml:77:13-47
90
91        <activity
91-->[:UnityAds:] AndroidManifest.xml:13:9-17:74
92            android:name="com.unity3d.services.ads.adunit.AdUnitActivity"
92-->[:UnityAds:] AndroidManifest.xml:14:13-74
93            android:configChanges="fontScale|keyboard|keyboardHidden|locale|mnc|mcc|navigation|orientation|screenLayout|screenSize|smallestScreenSize|uiMode|touchscreen"
93-->[:UnityAds:] AndroidManifest.xml:15:13-170
94            android:hardwareAccelerated="true"
94-->[:UnityAds:] AndroidManifest.xml:16:13-47
95            android:theme="@android:style/Theme.NoTitleBar.Fullscreen" />
95-->[:UnityAds:] AndroidManifest.xml:17:13-71
96        <activity
96-->[:UnityAds:] AndroidManifest.xml:18:9-22:86
97            android:name="com.unity3d.services.ads.adunit.AdUnitTransparentActivity"
97-->[:UnityAds:] AndroidManifest.xml:19:13-85
98            android:configChanges="fontScale|keyboard|keyboardHidden|locale|mnc|mcc|navigation|orientation|screenLayout|screenSize|smallestScreenSize|uiMode|touchscreen"
98-->[:UnityAds:] AndroidManifest.xml:20:13-170
99            android:hardwareAccelerated="true"
99-->[:UnityAds:] AndroidManifest.xml:21:13-47
100            android:theme="@android:style/Theme.Translucent.NoTitleBar.Fullscreen" />
100-->[:UnityAds:] AndroidManifest.xml:22:13-83
101        <activity
101-->[:UnityAds:] AndroidManifest.xml:23:9-27:86
102            android:name="com.unity3d.services.ads.adunit.AdUnitTransparentSoftwareActivity"
102-->[:UnityAds:] AndroidManifest.xml:24:13-93
103            android:configChanges="fontScale|keyboard|keyboardHidden|locale|mnc|mcc|navigation|orientation|screenLayout|screenSize|smallestScreenSize|uiMode|touchscreen"
103-->[:UnityAds:] AndroidManifest.xml:25:13-170
104            android:hardwareAccelerated="false"
104-->[:UnityAds:] AndroidManifest.xml:26:13-48
105            android:theme="@android:style/Theme.Translucent.NoTitleBar.Fullscreen" />
105-->[:UnityAds:] AndroidManifest.xml:27:13-83
106        <activity
106-->[:UnityAds:] AndroidManifest.xml:28:9-32:74
107            android:name="com.unity3d.services.ads.adunit.AdUnitSoftwareActivity"
107-->[:UnityAds:] AndroidManifest.xml:29:13-82
108            android:configChanges="fontScale|keyboard|keyboardHidden|locale|mnc|mcc|navigation|orientation|screenLayout|screenSize|smallestScreenSize|uiMode|touchscreen"
108-->[:UnityAds:] AndroidManifest.xml:30:13-170
109            android:hardwareAccelerated="false"
109-->[:UnityAds:] AndroidManifest.xml:31:13-48
110            android:theme="@android:style/Theme.NoTitleBar.Fullscreen" />
110-->[:UnityAds:] AndroidManifest.xml:32:13-71
111
112        <meta-data
112-->[:billing-4.0.0:] AndroidManifest.xml:13:9-15:37
113            android:name="com.google.android.play.billingclient.version"
113-->[:billing-4.0.0:] AndroidManifest.xml:14:13-73
114            android:value="4.0.0" />
114-->[:billing-4.0.0:] AndroidManifest.xml:15:13-34
115
116        <activity
116-->[:billing-4.0.0:] AndroidManifest.xml:17:9-21:75
117            android:name="com.android.billingclient.api.ProxyBillingActivity"
117-->[:billing-4.0.0:] AndroidManifest.xml:18:13-78
118            android:configChanges="keyboard|keyboardHidden|screenLayout|screenSize|orientation"
118-->[:billing-4.0.0:] AndroidManifest.xml:19:13-96
119            android:exported="false"
119-->[:billing-4.0.0:] AndroidManifest.xml:20:13-37
120            android:theme="@android:style/Theme.Translucent.NoTitleBar" />
120-->[:billing-4.0.0:] AndroidManifest.xml:21:13-72
121    </application>
122
123</manifest>